<?xml version="1.0" encoding="UTF-8"?>
<!-- Generated by org.testng.reporters.JUnitReportReporter -->
<testsuite hostname="Belall" name="demoJenkins.DemoJenkinsJobs" tests="1" failures="0" timestamp="12 Jun 2017 09:56:12 GMT" time="14.212" errors="0">
  <testcase name="testJenkins" time="14.212" classname="demoJenkins.DemoJenkinsJobs"/>
</testsuite> <!-- demoJenkins.DemoJenkinsJobs -->
