<?xml version="1.0" encoding="UTF-8"?>
<!-- Generated by org.testng.reporters.JUnitReportReporter -->
<testsuite hostname="Belall" name="JenkinsMaven.MavenTest" tests="1" failures="0" timestamp="13 Jun 2017 07:51:04 GMT" time="12.438" errors="0">
  <testcase name="TestHello" time="12.438" classname="JenkinsMaven.MavenTest"/>
</testsuite> <!-- JenkinsMaven.MavenTest -->
